#-----------------------------------------------------------
# Vivado v2020.1 (64-bit)
# SW Build 2902540 on Wed May 27 19:54:49 MDT 2020
# IP Build 2902112 on Wed May 27 22:43:36 MDT 2020
# Start of session at: Mon Apr 21 15:24:50 2025
# Process ID: 13004
# Current directory: C:/Users/mg08993/Desktop/TASK 2 AND 3
# Command line: vivado.exe -gui_launcher_event rodinguilauncherevent20132 C:\Users\mg08993\Desktop\TASK 2 AND 3\riscVprocessor.xpr
# Log file: C:/Users/mg08993/Desktop/TASK 2 AND 3/vivado.log
# Journal file: C:/Users/mg08993/Desktop/TASK 2 AND 3\vivado.jou
#-----------------------------------------------------------
start_gui
open_project {C:/Users/mg08993/Desktop/TASK 2 AND 3/riscVprocessor.xpr}
INFO: [Project 1-313] Project file moved from 'C:/Users/mj08696/Desktop/riscVprocessorPipeline' since last save.
Scanning sources...
Finished scanning sources
INFO: [IP_Flow 19-234] Refreshing IP repositories
INFO: [IP_Flow 19-1704] No user IP repositories specified
INFO: [IP_Flow 19-2313] Loaded Vivado IP repository 'C:/Xilinx/Vivado/2020.1/data/ip'.
update_compile_order -fileset sources_1
launch_simulation
Command: launch_simulation 
INFO: [Vivado 12-5682] Launching behavioral simulation in 'C:/Users/mg08993/Desktop/TASK 2 AND 3/riscVprocessor.sim/sim_1/behav/xsim'
INFO: [SIM-utils-51] Simulation object is 'sim_1'
INFO: [SIM-utils-54] Inspecting design source files for 'test_processor' in fileset 'sim_1'...
INFO: [USF-XSim-97] Finding global include files...
INFO: [USF-XSim-98] Fetching design files from 'sim_1'...
INFO: [USF-XSim-2] XSim::Compile design
INFO: [USF-XSim-61] Executing 'COMPILE and ANALYZE' step in 'C:/Users/mg08993/Desktop/TASK 2 AND 3/riscVprocessor.sim/sim_1/behav/xsim'
"xvlog --incr --relax -prj test_processor_vlog.prj"
INFO: [VRFC 10-2263] Analyzing Verilog file "C:/Users/mg08993/Desktop/TASK 2 AND 3/riscVprocessor.srcs/sources_1/new/RISCV_processor.v" into library xil_defaultlib
INFO: [VRFC 10-311] analyzing module RISCV_processor
INFO: [VRFC 10-2263] Analyzing Verilog file "C:/Users/mg08993/Desktop/TASK 2 AND 3/riscVprocessor.srcs/sources_1/new/adder.v" into library xil_defaultlib
INFO: [VRFC 10-311] analyzing module adder
INFO: [VRFC 10-2263] Analyzing Verilog file "C:/Users/mg08993/Desktop/TASK 2 AND 3/riscVprocessor.srcs/sources_1/new/alu64Bit.v" into library xil_defaultlib
INFO: [VRFC 10-311] analyzing module alu64Bit
INFO: [VRFC 10-2263] Analyzing Verilog file "C:/Users/mg08993/Desktop/TASK 2 AND 3/riscVprocessor.srcs/sources_1/new/aluControl.v" into library xil_defaultlib
INFO: [VRFC 10-311] analyzing module aluControl
INFO: [VRFC 10-2263] Analyzing Verilog file "C:/Users/mg08993/Desktop/TASK 2 AND 3/riscVprocessor.srcs/sources_1/new/controlUnit.v" into library xil_defaultlib
INFO: [VRFC 10-311] analyzing module controlUnit
INFO: [VRFC 10-2263] Analyzing Verilog file "C:/Users/mg08993/Desktop/TASK 2 AND 3/riscVprocessor.srcs/sources_1/new/dataMemory.v" into library xil_defaultlib
INFO: [VRFC 10-311] analyzing module dataMemory
INFO: [VRFC 10-2263] Analyzing Verilog file "C:/Users/mg08993/Desktop/TASK 2 AND 3/riscVprocessor.srcs/sources_1/new/eXmeM.v" into library xil_defaultlib
INFO: [VRFC 10-311] analyzing module eXmeM
INFO: [VRFC 10-2263] Analyzing Verilog file "C:/Users/mg08993/Desktop/TASK 2 AND 3/riscVprocessor.srcs/sources_1/new/forwardingUnit.v" into library xil_defaultlib
INFO: [VRFC 10-311] analyzing module forwardingUnit
INFO: [VRFC 10-2263] Analyzing Verilog file "C:/Users/mg08993/Desktop/TASK 2 AND 3/riscVprocessor.srcs/sources_1/new/hazardDetectionUnit.v" into library xil_defaultlib
INFO: [VRFC 10-311] analyzing module hazardDetectionUnit
INFO: [VRFC 10-2263] Analyzing Verilog file "C:/Users/mg08993/Desktop/TASK 2 AND 3/riscVprocessor.srcs/sources_1/new/iDeX.v" into library xil_defaultlib
INFO: [VRFC 10-311] analyzing module iDeX
INFO: [VRFC 10-2263] Analyzing Verilog file "C:/Users/mg08993/Desktop/TASK 2 AND 3/riscVprocessor.srcs/sources_1/new/iFiD.v" into library xil_defaultlib
INFO: [VRFC 10-311] analyzing module iFiD
INFO: [VRFC 10-2263] Analyzing Verilog file "C:/Users/mg08993/Desktop/TASK 2 AND 3/riscVprocessor.srcs/sources_1/new/immGen.v" into library xil_defaultlib
INFO: [VRFC 10-311] analyzing module immGen
INFO: [VRFC 10-2263] Analyzing Verilog file "C:/Users/mg08993/Desktop/TASK 2 AND 3/riscVprocessor.srcs/sources_1/new/insParser.v" into library xil_defaultlib
INFO: [VRFC 10-311] analyzing module insParser
INFO: [VRFC 10-2263] Analyzing Verilog file "C:/Users/mg08993/Desktop/TASK 2 AND 3/riscVprocessor.srcs/sources_1/new/instructionMemory.v" into library xil_defaultlib
INFO: [VRFC 10-311] analyzing module instructionMemory
INFO: [VRFC 10-2263] Analyzing Verilog file "C:/Users/mg08993/Desktop/TASK 2 AND 3/riscVprocessor.srcs/sources_1/new/meMwB.v" into library xil_defaultlib
INFO: [VRFC 10-311] analyzing module meMwB
INFO: [VRFC 10-2263] Analyzing Verilog file "C:/Users/mg08993/Desktop/TASK 2 AND 3/riscVprocessor.srcs/sources_1/new/multiplexer.v" into library xil_defaultlib
INFO: [VRFC 10-311] analyzing module multiplexer
INFO: [VRFC 10-2263] Analyzing Verilog file "C:/Users/mg08993/Desktop/TASK 2 AND 3/riscVprocessor.srcs/sources_1/new/multiplexer3x1.v" into library xil_defaultlib
INFO: [VRFC 10-311] analyzing module multiplexer3x1
INFO: [VRFC 10-2263] Analyzing Verilog file "C:/Users/mg08993/Desktop/TASK 2 AND 3/riscVprocessor.srcs/sources_1/new/programCounter.v" into library xil_defaultlib
INFO: [VRFC 10-311] analyzing module programCounter
INFO: [VRFC 10-2263] Analyzing Verilog file "C:/Users/mg08993/Desktop/TASK 2 AND 3/riscVprocessor.srcs/sources_1/new/regFile.v" into library xil_defaultlib
INFO: [VRFC 10-311] analyzing module regFile
INFO: [VRFC 10-2263] Analyzing Verilog file "C:/Users/mg08993/Desktop/TASK 2 AND 3/riscVprocessor.srcs/sim_1/new/test_processor.v" into library xil_defaultlib
INFO: [VRFC 10-311] analyzing module test_processor
INFO: [VRFC 10-2263] Analyzing Verilog file "C:/Users/mg08993/Desktop/TASK 2 AND 3/riscVprocessor.sim/sim_1/behav/xsim/glbl.v" into library xil_defaultlib
INFO: [VRFC 10-311] analyzing module glbl
INFO: [USF-XSim-69] 'compile' step finished in '3' seconds
INFO: [USF-XSim-3] XSim::Elaborate design
INFO: [USF-XSim-61] Executing 'ELABORATE' step in 'C:/Users/mg08993/Desktop/TASK 2 AND 3/riscVprocessor.sim/sim_1/behav/xsim'
"xelab -wto a2041565474441eeba3124a7475bb993 --incr --debug typical --relax --mt 2 -L xil_defaultlib -L unisims_ver -L unimacro_ver -L secureip --snapshot test_processor_behav xil_defaultlib.test_processor xil_defaultlib.glbl -log elaborate.log"
Vivado Simulator 2020.1
Copyright 1986-1999, 2001-2020 Xilinx, Inc. All Rights Reserved.
Running: C:/Xilinx/Vivado/2020.1/bin/unwrapped/win64.o/xelab.exe -wto a2041565474441eeba3124a7475bb993 --incr --debug typical --relax --mt 2 -L xil_defaultlib -L unisims_ver -L unimacro_ver -L secureip --snapshot test_processor_behav xil_defaultlib.test_processor xil_defaultlib.glbl -log elaborate.log 
Using 2 slave threads.
Starting static elaboration
Pass Through NonSizing Optimizer
Completed static elaboration
Starting simulation data flow analysis
Completed simulation data flow analysis
Time Resolution for simulation is 1ps
Compiling module xil_defaultlib.hazardDetectionUnit
Compiling module xil_defaultlib.multiplexer
Compiling module xil_defaultlib.programCounter
Compiling module xil_defaultlib.adder
Compiling module xil_defaultlib.instructionMemory
Compiling module xil_defaultlib.iFiD
Compiling module xil_defaultlib.insParser
Compiling module xil_defaultlib.immGen
Compiling module xil_defaultlib.controlUnit
Compiling module xil_defaultlib.regFile
Compiling module xil_defaultlib.iDeX
Compiling module xil_defaultlib.forwardingUnit
Compiling module xil_defaultlib.multiplexer3x1
Compiling module xil_defaultlib.aluControl
Compiling module xil_defaultlib.alu64Bit
Compiling module xil_defaultlib.eXmeM
Compiling module xil_defaultlib.dataMemory
Compiling module xil_defaultlib.meMwB
Compiling module xil_defaultlib.RISCV_processor
Compiling module xil_defaultlib.test_processor
Compiling module xil_defaultlib.glbl
Built simulation snapshot test_processor_behav
INFO: [USF-XSim-69] 'elaborate' step finished in '3' seconds
INFO: [USF-XSim-4] XSim::Simulate design
INFO: [USF-XSim-61] Executing 'SIMULATE' step in 'C:/Users/mg08993/Desktop/TASK 2 AND 3/riscVprocessor.sim/sim_1/behav/xsim'
INFO: [USF-XSim-98] *** Running xsim
   with args "test_processor_behav -key {Behavioral:sim_1:Functional:test_processor} -tclbatch {test_processor.tcl} -log {simulate.log}"
INFO: [USF-XSim-8] Loading simulator feature
Vivado Simulator 2020.1
Time resolution is 1 ps
source test_processor.tcl
# set curr_wave [current_wave_config]
# if { [string length $curr_wave] == 0 } {
#   if { [llength [get_objects]] > 0} {
#     add_wave /
#     set_property needs_save false [current_wave_config]
#   } else {
#      send_msg_id Add_Wave-1 WARNING "No top level signals found. Simulator will start without a wave window. If you want to open a wave window go to 'File->New Waveform Configuration' or type 'create_wave_config' in the TCL console."
#   }
# }
# run 1000ns
$finish called at time : 725 ns : File "C:/Users/mg08993/Desktop/TASK 2 AND 3/riscVprocessor.srcs/sim_1/new/test_processor.v" Line 98
INFO: [USF-XSim-96] XSim completed. Design snapshot 'test_processor_behav' loaded.
INFO: [USF-XSim-97] XSim simulation ran for 1000ns
launch_simulation: Time (s): cpu = 00:00:02 ; elapsed = 00:00:09 . Memory (MB): peak = 1029.188 ; gain = 0.000
